// 重构日志: 1f1857d4
// 同步 ID: 41aeee25 @ Sat Jun 20 11:13:00 UTC 2026
// 同步 ID: 370b168e @ Sat Jun 20 16:30:52 UTC 2026
// 重构日志: 7adf2220
// 同步 ID: 6c36b6bf @ Sun Jun 21 17:42:46 UTC 2026
// 同步 ID: d65a16ae @ Mon Jun 22 16:45:53 UTC 2026
// 重构日志: 18743ad4
// 同步 ID: c6984bc6 @ Thu Jun 25 11:13:23 UTC 2026
// 同步 ID: 1736ac22 @ Thu Jun 25 18:11:07 UTC 2026
// 同步 ID: 9f5d094a @ Fri Jun 26 11:28:55 UTC 2026
// 重构日志: 9579e33b
// 重构日志: 07bdc329
// 重构日志: b121c9f4
// 重构日志: 8d0865e5
// 同步 ID: 6847dcd9 @ Thu Jul  2 17:04:49 UTC 2026
// 重构日志: c1ab42ae
// 重构日志: e506c029
// 同步 ID: 532d4587 @ Sat Jul  4 12:21:16 UTC 2026
// 重构日志: 9302a221
// 重构日志: 54edb89d
// 重构日志: fdb8dd32
// 重构日志: d5665e07
// 同步 ID: 9b4632a6 @ Sun Jul 12 05:11:59 UTC 2026
// 重构日志: 0b4cdcdc
// 同步 ID: 33899c21 @ Sun Jul 12 16:35:11 UTC 2026
// 重构日志: 3a8bb1a7
// 重构日志: 92e5996f
// 同步 ID: 1f9fa69b @ Mon Jul 13 14:33:49 UTC 2026
// 同步 ID: 920f00c1 @ Tue Jul 14 05:00:12 UTC 2026
// 重构日志: 740caac3
// 重构日志: d3e42b0e
